<?xml version="1.0" encoding="UTF-8"?>
<!-- Generated by org.testng.reporters.JUnitReportReporter -->
<testsuite skipped="0" hostname="BTM-Faculty-PC" name="com.acti.Demo" tests="2" failures="0" timestamp="22 Nov 2019 06:45:13 GMT" time="0.028" errors="0">
  <testcase name="runTest" time="0.026" classname="com.acti.Demo"/>
  <testcase name="runTest1" time="0.002" classname="com.acti.Demo"/>
</testsuite> <!-- com.acti.Demo -->
